<?xml version="1.0" encoding="UTF-8"?>
<testng-results ignored="0" total="1" passed="1" failed="0" skipped="0">
  <reporter-output>
  </reporter-output>
  <suite started-at="2023-08-28T16:49:36 IST" name="Default suite" finished-at="2023-08-28T16:49:36 IST" duration-ms="95">
    <groups>
    </groups>
    <test started-at="2023-08-28T16:49:36 IST" name="Default test" finished-at="2023-08-28T16:49:36 IST" duration-ms="95">
      <class name="sp.readpdf.NewTest">
        <test-method is-config="true" signature="beforeSuite()[pri:0, instance:sp.readpdf.NewTest@6b927fb]" started-at="2023-08-28T16:49:36 IST" name="beforeSuite" finished-at="2023-08-28T16:49:36 IST" duration-ms="12" status="PASS">
          <reporter-output>
          </reporter-output>
        </test-method> <!-- beforeSuite -->
        <test-method is-config="true" signature="beforeTest()[pri:0, instance:sp.readpdf.NewTest@6b927fb]" started-at="2023-08-28T16:49:36 IST" name="beforeTest" finished-at="2023-08-28T16:49:36 IST" duration-ms="1" status="PASS">
          <reporter-output>
          </reporter-output>
        </test-method> <!-- beforeTest -->
        <test-method is-config="true" signature="beforetest()[pri:0, instance:sp.readpdf.NewTest@6b927fb]" started-at="2023-08-28T16:49:36 IST" name="beforetest" finished-at="2023-08-28T16:49:36 IST" duration-ms="5" status="PASS">
          <reporter-output>
          </reporter-output>
        </test-method> <!-- beforetest -->
        <test-method is-config="true" signature="beforeClass()[pri:0, instance:sp.readpdf.NewTest@6b927fb]" started-at="2023-08-28T16:49:36 IST" name="beforeClass" finished-at="2023-08-28T16:49:36 IST" duration-ms="1" status="PASS">
          <reporter-output>
          </reporter-output>
        </test-method> <!-- beforeClass -->
        <test-method is-config="true" signature="beforeMethod()[pri:0, instance:sp.readpdf.NewTest@6b927fb]" started-at="2023-08-28T16:49:36 IST" name="beforeMethod" finished-at="2023-08-28T16:49:36 IST" duration-ms="1" status="PASS">
          <reporter-output>
          </reporter-output>
        </test-method> <!-- beforeMethod -->
        <test-method signature="test()[pri:0, instance:sp.readpdf.NewTest@6b927fb]" started-at="2023-08-28T16:49:36 IST" name="test" finished-at="2023-08-28T16:49:36 IST" duration-ms="12" status="PASS">
          <reporter-output>
          </reporter-output>
        </test-method> <!-- test -->
        <test-method is-config="true" signature="afterMethod()[pri:0, instance:sp.readpdf.NewTest@6b927fb]" started-at="2023-08-28T16:49:36 IST" name="afterMethod" finished-at="2023-08-28T16:49:36 IST" duration-ms="6" status="PASS">
          <reporter-output>
          </reporter-output>
        </test-method> <!-- afterMethod -->
        <test-method is-config="true" signature="afterClass()[pri:0, instance:sp.readpdf.NewTest@6b927fb]" started-at="2023-08-28T16:49:36 IST" name="afterClass" finished-at="2023-08-28T16:49:36 IST" duration-ms="1" status="PASS">
          <reporter-output>
          </reporter-output>
        </test-method> <!-- afterClass -->
        <test-method is-config="true" signature="afterTest()[pri:0, instance:sp.readpdf.NewTest@6b927fb]" started-at="2023-08-28T16:49:36 IST" name="afterTest" finished-at="2023-08-28T16:49:36 IST" duration-ms="1" status="PASS">
          <reporter-output>
          </reporter-output>
        </test-method> <!-- afterTest -->
        <test-method is-config="true" signature="afterSuite()[pri:0, instance:sp.readpdf.NewTest@6b927fb]" started-at="2023-08-28T16:49:36 IST" name="afterSuite" finished-at="2023-08-28T16:49:36 IST" duration-ms="1" status="PASS">
          <reporter-output>
          </reporter-output>
        </test-method> <!-- afterSuite -->
      </class> <!-- sp.readpdf.NewTest -->
    </test> <!-- Default test -->
  </suite> <!-- Default suite -->
</testng-results>
